2026-04-25T21:37:24 | fw | ISE-001 | Evidence Collected
2026-04-25T21:37:24 | fw | ISE-002 | Evidence Collected
2026-04-25T21:37:25 | fw | ISE-003 | Evidence Collected
2026-04-25T21:40:15 | fw | ISE-001 | Evidence Collected
2026-04-25T21:40:16 | fw | ISE-002 | Evidence Collected
2026-04-25T21:40:17 | fw | ISE-003 | Evidence Collected
2026-04-25T21:43:16 | vpn | ISE-001 | Evidence Collected
2026-04-25T21:43:17 | vpn | ISE-002 | Evidence Collected
2026-04-25T21:43:17 | vpn | ISE-003 | Evidence Collected
2026-04-25T21:43:17 | ids | ISE-001 | Evidence Collected
2026-04-25T21:43:18 | ids | ISE-002 | Evidence Collected
2026-04-25T21:43:18 | ids | ISE-003 | Evidence Collected
2026-04-25T21:43:18 | ips | ISE-001 | Evidence Collected
2026-04-25T21:43:19 | ips | ISE-002 | Evidence Collected
2026-04-25T21:43:19 | ips | ISE-003 | Evidence Collected
2026-04-25T21:43:20 | ddos | ISE-001 | Evidence Collected
2026-04-25T21:43:20 | ddos | ISE-002 | Evidence Collected
2026-04-25T21:43:20 | ddos | ISE-003 | Evidence Collected
2026-04-25T21:43:21 | waf | ISE-001 | Evidence Collected
2026-04-25T21:43:21 | waf | ISE-002 | Evidence Collected
2026-04-25T21:43:21 | waf | ISE-003 | Evidence Collected
2026-04-25T21:46:00 | fw | ISE-043 | Evidence Collected
